<?xml version="1.0" encoding="UTF-8"?>
<!-- Generated by org.testng.reporters.JUnitXMLReporter -->
<testsuite hostname="dev-ser4" name="Default test(failed)" tests="1" failures="1" timestamp="11 Aug 2016 08:02:26 GMT" time="6.555" errors="0">
  <testcase name="testSignUp" time="2.615" classname="com.ecareer.tests.RegisterTest">
    <failure type="java.lang.AssertionError" message="expected [0599787878] but found []">
      <![CDATA[java.lang.AssertionError: expected [0599787878] but found []
	at com.BasePage.setElementText(BasePage.java:42)
	at com.ecareers.pages.RegisterPage.setText_MobileNumber(RegisterPage.java:47)
	at com.ecareers.pages.RegisterPage.register(RegisterPage.java:67)
	at com.ecareer.tests.RegisterTest.testSignUp(RegisterTest.java:30)
... Removed 31 stack frames]]>
    </failure>
  </testcase> <!-- testSignUp -->
</testsuite> <!-- Default test(failed) -->
